[ 2015-10-11T14:36:09+08:00 ] ::1 /iocms/index.php/user/index/is_login
INFO: [ app_begin ] --START--
INFO: Run Behavior\ReadHtmlCacheBehavior [ RunTime:0.000691s ]
INFO: Run Behavior\CheckLangBehavior [ RunTime:0.001146s ]
INFO: [ app_begin ] --END-- [ RunTime:0.002821s ]
NOTIC: [8] Undefined index: url E:\wamp\www\iocms\application\Common\Controller\AppframeController.class.php 第 43 行.

[ 2015-10-11T14:36:12+08:00 ] ::1 /iocms/index.php/user/index/is_login
INFO: [ app_begin ] --START--
INFO: Run Behavior\ReadHtmlCacheBehavior [ RunTime:0.000623s ]
INFO: Run Behavior\CheckLangBehavior [ RunTime:0.001099s ]
INFO: [ app_begin ] --END-- [ RunTime:0.002525s ]
NOTIC: [8] Undefined index: url E:\wamp\www\iocms\application\Common\Controller\AppframeController.class.php 第 43 行.

[ 2015-10-11T14:36:14+08:00 ] ::1 /iocms/index.php/user/index/is_login
INFO: [ app_begin ] --START--
INFO: Run Behavior\ReadHtmlCacheBehavior [ RunTime:0.000560s ]
INFO: Run Behavior\CheckLangBehavior [ RunTime:0.002092s ]
INFO: [ app_begin ] --END-- [ RunTime:0.003312s ]
NOTIC: [8] Undefined index: url E:\wamp\www\iocms\application\Common\Controller\AppframeController.class.php 第 43 行.

[ 2015-10-11T14:36:16+08:00 ] ::1 /iocms/index.php/user/index/is_login
INFO: [ app_begin ] --START--
INFO: Run Behavior\ReadHtmlCacheBehavior [ RunTime:0.000579s ]
INFO: Run Behavior\CheckLangBehavior [ RunTime:0.001010s ]
INFO: [ app_begin ] --END-- [ RunTime:0.002242s ]
NOTIC: [8] Undefined index: url E:\wamp\www\iocms\application\Common\Controller\AppframeController.class.php 第 43 行.

[ 2015-10-11T14:37:09+08:00 ] ::1 /iocms/index.php/user/index/is_login
INFO: [ app_begin ] --START--
INFO: Run Behavior\ReadHtmlCacheBehavior [ RunTime:0.000822s ]
INFO: Run Behavior\CheckLangBehavior [ RunTime:0.001512s ]
INFO: [ app_begin ] --END-- [ RunTime:0.003195s ]
NOTIC: [8] Undefined index: url E:\wamp\www\iocms\application\Common\Controller\AppframeController.class.php 第 43 行.

[ 2015-10-11T14:37:20+08:00 ] ::1 /iocms/index.php/user/index/is_login
INFO: [ app_begin ] --START--
INFO: Run Behavior\ReadHtmlCacheBehavior [ RunTime:0.000555s ]
INFO: Run Behavior\CheckLangBehavior [ RunTime:0.001051s ]
INFO: [ app_begin ] --END-- [ RunTime:0.002214s ]
NOTIC: [8] Undefined index: url E:\wamp\www\iocms\application\Common\Controller\AppframeController.class.php 第 43 行.

[ 2015-10-11T14:37:24+08:00 ] ::1 /iocms/index.php/user/index/is_login
INFO: [ app_begin ] --START--
INFO: Run Behavior\ReadHtmlCacheBehavior [ RunTime:0.000585s ]
INFO: Run Behavior\CheckLangBehavior [ RunTime:0.001084s ]
INFO: [ app_begin ] --END-- [ RunTime:0.002291s ]
NOTIC: [8] Undefined index: url E:\wamp\www\iocms\application\Common\Controller\AppframeController.class.php 第 43 行.

[ 2015-10-11T14:37:30+08:00 ] ::1 /iocms/index.php/user/index/is_login
INFO: [ app_begin ] --START--
INFO: Run Behavior\ReadHtmlCacheBehavior [ RunTime:0.000600s ]
INFO: Run Behavior\CheckLangBehavior [ RunTime:0.001158s ]
INFO: [ app_begin ] --END-- [ RunTime:0.002558s ]
NOTIC: [8] Undefined index: url E:\wamp\www\iocms\application\Common\Controller\AppframeController.class.php 第 43 行.

[ 2015-10-11T14:37:33+08:00 ] ::1 /iocms/index.php/user/index/is_login
INFO: [ app_begin ] --START--
INFO: Run Behavior\ReadHtmlCacheBehavior [ RunTime:0.000637s ]
INFO: Run Behavior\CheckLangBehavior [ RunTime:0.001224s ]
INFO: [ app_begin ] --END-- [ RunTime:0.002728s ]
NOTIC: [8] Undefined index: url E:\wamp\www\iocms\application\Common\Controller\AppframeController.class.php 第 43 行.

[ 2015-10-11T14:37:36+08:00 ] ::1 /iocms/index.php/user/index/is_login
INFO: [ app_begin ] --START--
INFO: Run Behavior\ReadHtmlCacheBehavior [ RunTime:0.000551s ]
INFO: Run Behavior\CheckLangBehavior [ RunTime:0.001134s ]
INFO: [ app_begin ] --END-- [ RunTime:0.002287s ]
NOTIC: [8] Undefined index: url E:\wamp\www\iocms\application\Common\Controller\AppframeController.class.php 第 43 行.

[ 2015-10-11T14:37:38+08:00 ] ::1 /iocms/index.php/user/index/is_login
INFO: [ app_begin ] --START--
INFO: Run Behavior\ReadHtmlCacheBehavior [ RunTime:0.000563s ]
INFO: Run Behavior\CheckLangBehavior [ RunTime:0.001011s ]
INFO: [ app_begin ] --END-- [ RunTime:0.002317s ]
NOTIC: [8] Undefined index: url E:\wamp\www\iocms\application\Common\Controller\AppframeController.class.php 第 43 行.

[ 2015-10-11T14:37:46+08:00 ] ::1 /iocms/index.php/user/index/is_login
INFO: [ app_begin ] --START--
INFO: Run Behavior\ReadHtmlCacheBehavior [ RunTime:0.001212s ]
INFO: Run Behavior\CheckLangBehavior [ RunTime:0.001357s ]
INFO: [ app_begin ] --END-- [ RunTime:0.004230s ]
NOTIC: [8] Undefined index: url E:\wamp\www\iocms\application\Common\Controller\AppframeController.class.php 第 43 行.

[ 2015-10-11T14:38:56+08:00 ] ::1 /iocms/index.php/user/index/is_login
INFO: [ app_begin ] --START--
INFO: Run Behavior\ReadHtmlCacheBehavior [ RunTime:0.000547s ]
INFO: Run Behavior\CheckLangBehavior [ RunTime:0.001252s ]
INFO: [ app_begin ] --END-- [ RunTime:0.002400s ]
NOTIC: [8] Undefined index: url E:\wamp\www\iocms\application\Common\Controller\AppframeController.class.php 第 43 行.

[ 2015-10-11T14:38:58+08:00 ] ::1 /iocms/index.php/user/index/is_login
INFO: [ app_begin ] --START--
INFO: Run Behavior\ReadHtmlCacheBehavior [ RunTime:0.000574s ]
INFO: Run Behavior\CheckLangBehavior [ RunTime:0.001084s ]
INFO: [ app_begin ] --END-- [ RunTime:0.002235s ]
NOTIC: [8] Undefined index: url E:\wamp\www\iocms\application\Common\Controller\AppframeController.class.php 第 43 行.

[ 2015-10-11T14:39:01+08:00 ] ::1 /iocms/index.php/user/index/is_login
INFO: [ app_begin ] --START--
INFO: Run Behavior\ReadHtmlCacheBehavior [ RunTime:0.000647s ]
INFO: Run Behavior\CheckLangBehavior [ RunTime:0.001021s ]
INFO: [ app_begin ] --END-- [ RunTime:0.002322s ]
NOTIC: [8] Undefined index: url E:\wamp\www\iocms\application\Common\Controller\AppframeController.class.php 第 43 行.

[ 2015-10-11T14:39:03+08:00 ] ::1 /iocms/index.php/user/index/is_login
INFO: [ app_begin ] --START--
INFO: Run Behavior\ReadHtmlCacheBehavior [ RunTime:0.000594s ]
INFO: Run Behavior\CheckLangBehavior [ RunTime:0.001336s ]
INFO: [ app_begin ] --END-- [ RunTime:0.002575s ]
NOTIC: [8] Undefined index: url E:\wamp\www\iocms\application\Common\Controller\AppframeController.class.php 第 43 行.

[ 2015-10-11T14:40:13+08:00 ] ::1 /iocms/index.php/user/index/is_login
INFO: [ app_begin ] --START--
INFO: Run Behavior\ReadHtmlCacheBehavior [ RunTime:0.000606s ]
INFO: Run Behavior\CheckLangBehavior [ RunTime:0.001248s ]
INFO: [ app_begin ] --END-- [ RunTime:0.002562s ]
NOTIC: [8] Undefined index: url E:\wamp\www\iocms\application\Common\Controller\AppframeController.class.php 第 43 行.

[ 2015-10-11T14:40:22+08:00 ] ::1 /iocms/index.php/user/index/is_login
INFO: [ app_begin ] --START--
INFO: Run Behavior\ReadHtmlCacheBehavior [ RunTime:0.000970s ]
INFO: Run Behavior\CheckLangBehavior [ RunTime:0.001227s ]
INFO: [ app_begin ] --END-- [ RunTime:0.003016s ]
NOTIC: [8] Undefined index: url E:\wamp\www\iocms\application\Common\Controller\AppframeController.class.php 第 43 行.

[ 2015-10-11T14:40:24+08:00 ] ::1 /iocms/index.php/user/index/is_login
INFO: [ app_begin ] --START--
INFO: Run Behavior\ReadHtmlCacheBehavior [ RunTime:0.000989s ]
INFO: Run Behavior\CheckLangBehavior [ RunTime:0.001645s ]
INFO: [ app_begin ] --END-- [ RunTime:0.003850s ]
NOTIC: [8] Undefined index: url E:\wamp\www\iocms\application\Common\Controller\AppframeController.class.php 第 43 行.

[ 2015-10-11T14:40:26+08:00 ] ::1 /iocms/index.php/user/index/is_login
INFO: [ app_begin ] --START--
INFO: Run Behavior\ReadHtmlCacheBehavior [ RunTime:0.001010s ]
INFO: Run Behavior\CheckLangBehavior [ RunTime:0.001370s ]
INFO: [ app_begin ] --END-- [ RunTime:0.003331s ]
NOTIC: [8] Undefined index: url E:\wamp\www\iocms\application\Common\Controller\AppframeController.class.php 第 43 行.

[ 2015-10-11T14:40:40+08:00 ] ::1 /iocms/index.php/user/index/is_login
INFO: [ app_begin ] --START--
INFO: Run Behavior\ReadHtmlCacheBehavior [ RunTime:0.001395s ]
INFO: Run Behavior\CheckLangBehavior [ RunTime:0.001864s ]
INFO: [ app_begin ] --END-- [ RunTime:0.004362s ]
NOTIC: [8] Undefined index: url E:\wamp\www\iocms\application\Common\Controller\AppframeController.class.php 第 43 行.

[ 2015-10-11T14:40:47+08:00 ] ::1 /iocms/index.php/user/index/is_login
INFO: [ app_begin ] --START--
INFO: Run Behavior\ReadHtmlCacheBehavior [ RunTime:0.000566s ]
INFO: Run Behavior\CheckLangBehavior [ RunTime:0.001053s ]
INFO: [ app_begin ] --END-- [ RunTime:0.002271s ]
NOTIC: [8] Undefined index: url E:\wamp\www\iocms\application\Common\Controller\AppframeController.class.php 第 43 行.

[ 2015-10-11T14:40:49+08:00 ] ::1 /iocms/index.php/user/index/is_login
INFO: [ app_begin ] --START--
INFO: Run Behavior\ReadHtmlCacheBehavior [ RunTime:0.000718s ]
INFO: Run Behavior\CheckLangBehavior [ RunTime:0.001228s ]
INFO: [ app_begin ] --END-- [ RunTime:0.002669s ]
NOTIC: [8] Undefined index: url E:\wamp\www\iocms\application\Common\Controller\AppframeController.class.php 第 43 行.

[ 2015-10-11T14:41:12+08:00 ] ::1 /iocms/index.php/user/index/is_login
INFO: [ app_begin ] --START--
INFO: Run Behavior\ReadHtmlCacheBehavior [ RunTime:0.000566s ]
INFO: Run Behavior\CheckLangBehavior [ RunTime:0.001068s ]
INFO: [ app_begin ] --END-- [ RunTime:0.002219s ]
NOTIC: [8] Undefined index: url E:\wamp\www\iocms\application\Common\Controller\AppframeController.class.php 第 43 行.

[ 2015-10-11T14:41:14+08:00 ] ::1 /iocms/index.php/user/index/is_login
INFO: [ app_begin ] --START--
INFO: Run Behavior\ReadHtmlCacheBehavior [ RunTime:0.000592s ]
INFO: Run Behavior\CheckLangBehavior [ RunTime:0.001038s ]
INFO: [ app_begin ] --END-- [ RunTime:0.002220s ]
NOTIC: [8] Undefined index: url E:\wamp\www\iocms\application\Common\Controller\AppframeController.class.php 第 43 行.

[ 2015-10-11T14:41:15+08:00 ] ::1 /iocms/index.php/user/index/is_login
INFO: [ app_begin ] --START--
INFO: Run Behavior\ReadHtmlCacheBehavior [ RunTime:0.000554s ]
INFO: Run Behavior\CheckLangBehavior [ RunTime:0.001065s ]
INFO: [ app_begin ] --END-- [ RunTime:0.002240s ]
NOTIC: [8] Undefined index: url E:\wamp\www\iocms\application\Common\Controller\AppframeController.class.php 第 43 行.

[ 2015-10-11T14:41:18+08:00 ] ::1 /iocms/index.php/user/index/is_login
INFO: [ app_begin ] --START--
INFO: Run Behavior\ReadHtmlCacheBehavior [ RunTime:0.000576s ]
INFO: Run Behavior\CheckLangBehavior [ RunTime:0.001036s ]
INFO: [ app_begin ] --END-- [ RunTime:0.002206s ]
NOTIC: [8] Undefined index: url E:\wamp\www\iocms\application\Common\Controller\AppframeController.class.php 第 43 行.

[ 2015-10-11T14:41:21+08:00 ] ::1 /iocms/index.php/user/index/is_login
INFO: [ app_begin ] --START--
INFO: Run Behavior\ReadHtmlCacheBehavior [ RunTime:0.000766s ]
INFO: Run Behavior\CheckLangBehavior [ RunTime:0.001598s ]
INFO: [ app_begin ] --END-- [ RunTime:0.003477s ]
NOTIC: [8] Undefined index: url E:\wamp\www\iocms\application\Common\Controller\AppframeController.class.php 第 43 行.

[ 2015-10-11T14:41:24+08:00 ] ::1 /iocms/index.php/user/index/is_login
INFO: [ app_begin ] --START--
INFO: Run Behavior\ReadHtmlCacheBehavior [ RunTime:0.001181s ]
INFO: Run Behavior\CheckLangBehavior [ RunTime:0.004439s ]
INFO: [ app_begin ] --END-- [ RunTime:0.006710s ]
NOTIC: [8] Undefined index: url E:\wamp\www\iocms\application\Common\Controller\AppframeController.class.php 第 43 行.

[ 2015-10-11T14:41:33+08:00 ] ::1 /iocms/index.php/user/index/is_login
INFO: [ app_begin ] --START--
INFO: Run Behavior\ReadHtmlCacheBehavior [ RunTime:0.000664s ]
INFO: Run Behavior\CheckLangBehavior [ RunTime:0.001113s ]
INFO: [ app_begin ] --END-- [ RunTime:0.002625s ]
NOTIC: [8] Undefined index: url E:\wamp\www\iocms\application\Common\Controller\AppframeController.class.php 第 43 行.

[ 2015-10-11T14:41:34+08:00 ] ::1 /iocms/index.php/user/index/is_login
INFO: [ app_begin ] --START--
INFO: Run Behavior\ReadHtmlCacheBehavior [ RunTime:0.001410s ]
INFO: Run Behavior\CheckLangBehavior [ RunTime:0.002611s ]
INFO: [ app_begin ] --END-- [ RunTime:0.005545s ]
NOTIC: [8] Undefined index: url E:\wamp\www\iocms\application\Common\Controller\AppframeController.class.php 第 43 行.

[ 2015-10-11T14:41:35+08:00 ] ::1 /iocms/index.php/user/index/is_login
INFO: [ app_begin ] --START--
INFO: Run Behavior\ReadHtmlCacheBehavior [ RunTime:0.000620s ]
INFO: Run Behavior\CheckLangBehavior [ RunTime:0.001072s ]
INFO: [ app_begin ] --END-- [ RunTime:0.002294s ]
NOTIC: [8] Undefined index: url E:\wamp\www\iocms\application\Common\Controller\AppframeController.class.php 第 43 行.

[ 2015-10-11T14:41:56+08:00 ] ::1 /iocms/index.php/user/index/is_login
INFO: [ app_begin ] --START--
INFO: Run Behavior\ReadHtmlCacheBehavior [ RunTime:0.000824s ]
INFO: Run Behavior\CheckLangBehavior [ RunTime:0.001144s ]
INFO: [ app_begin ] --END-- [ RunTime:0.002919s ]
NOTIC: [8] Undefined index: url E:\wamp\www\iocms\application\Common\Controller\AppframeController.class.php 第 43 行.

[ 2015-10-11T14:42:06+08:00 ] ::1 /iocms/index.php/user/index/is_login
INFO: [ app_begin ] --START--
INFO: Run Behavior\ReadHtmlCacheBehavior [ RunTime:0.000636s ]
INFO: Run Behavior\CheckLangBehavior [ RunTime:0.001070s ]
INFO: [ app_begin ] --END-- [ RunTime:0.002418s ]
NOTIC: [8] Undefined index: url E:\wamp\www\iocms\application\Common\Controller\AppframeController.class.php 第 43 行.

[ 2015-10-11T14:42:07+08:00 ] ::1 /iocms/index.php/user/index/is_login
INFO: [ app_begin ] --START--
INFO: Run Behavior\ReadHtmlCacheBehavior [ RunTime:0.000876s ]
INFO: Run Behavior\CheckLangBehavior [ RunTime:0.001162s ]
INFO: [ app_begin ] --END-- [ RunTime:0.003179s ]
NOTIC: [8] Undefined index: url E:\wamp\www\iocms\application\Common\Controller\AppframeController.class.php 第 43 行.

[ 2015-10-11T14:42:09+08:00 ] ::1 /iocms/index.php/user/index/is_login
INFO: [ app_begin ] --START--
INFO: Run Behavior\ReadHtmlCacheBehavior [ RunTime:0.000666s ]
INFO: Run Behavior\CheckLangBehavior [ RunTime:0.001059s ]
INFO: [ app_begin ] --END-- [ RunTime:0.002453s ]
NOTIC: [8] Undefined index: url E:\wamp\www\iocms\application\Common\Controller\AppframeController.class.php 第 43 行.

[ 2015-10-11T14:42:11+08:00 ] ::1 /iocms/index.php/user/index/is_login
INFO: [ app_begin ] --START--
INFO: Run Behavior\ReadHtmlCacheBehavior [ RunTime:0.000720s ]
INFO: Run Behavior\CheckLangBehavior [ RunTime:0.001866s ]
INFO: [ app_begin ] --END-- [ RunTime:0.003283s ]
NOTIC: [8] Undefined index: url E:\wamp\www\iocms\application\Common\Controller\AppframeController.class.php 第 43 行.

[ 2015-10-11T14:42:12+08:00 ] ::1 /iocms/index.php/user/index/is_login
INFO: [ app_begin ] --START--
INFO: Run Behavior\ReadHtmlCacheBehavior [ RunTime:0.000731s ]
INFO: Run Behavior\CheckLangBehavior [ RunTime:0.001220s ]
INFO: [ app_begin ] --END-- [ RunTime:0.002596s ]
NOTIC: [8] Undefined index: url E:\wamp\www\iocms\application\Common\Controller\AppframeController.class.php 第 43 行.

[ 2015-10-11T14:42:15+08:00 ] ::1 /iocms/index.php/user/index/is_login
INFO: [ app_begin ] --START--
INFO: Run Behavior\ReadHtmlCacheBehavior [ RunTime:0.000611s ]
INFO: Run Behavior\CheckLangBehavior [ RunTime:0.001051s ]
INFO: [ app_begin ] --END-- [ RunTime:0.002266s ]
NOTIC: [8] Undefined index: url E:\wamp\www\iocms\application\Common\Controller\AppframeController.class.php 第 43 行.

[ 2015-10-11T14:42:16+08:00 ] ::1 /iocms/index.php/user/index/is_login
INFO: [ app_begin ] --START--
INFO: Run Behavior\ReadHtmlCacheBehavior [ RunTime:0.000606s ]
INFO: Run Behavior\CheckLangBehavior [ RunTime:0.001353s ]
INFO: [ app_begin ] --END-- [ RunTime:0.002591s ]
NOTIC: [8] Undefined index: url E:\wamp\www\iocms\application\Common\Controller\AppframeController.class.php 第 43 行.

[ 2015-10-11T14:42:16+08:00 ] ::1 /iocms/index.php/user/index/is_login
INFO: [ app_begin ] --START--
INFO: Run Behavior\ReadHtmlCacheBehavior [ RunTime:0.000656s ]
INFO: Run Behavior\CheckLangBehavior [ RunTime:0.001080s ]
INFO: [ app_begin ] --END-- [ RunTime:0.002639s ]
NOTIC: [8] Undefined index: url E:\wamp\www\iocms\application\Common\Controller\AppframeController.class.php 第 43 行.

[ 2015-10-11T14:42:19+08:00 ] ::1 /iocms/index.php/user/index/is_login
INFO: [ app_begin ] --START--
INFO: Run Behavior\ReadHtmlCacheBehavior [ RunTime:0.000854s ]
INFO: Run Behavior\CheckLangBehavior [ RunTime:0.001259s ]
INFO: [ app_begin ] --END-- [ RunTime:0.003102s ]
NOTIC: [8] Undefined index: url E:\wamp\www\iocms\application\Common\Controller\AppframeController.class.php 第 43 行.

[ 2015-10-11T15:52:25+08:00 ] ::1 /iocms/index.php/user/index/is_login
INFO: [ app_begin ] --START--
INFO: Run Behavior\ReadHtmlCacheBehavior [ RunTime:0.000556s ]
INFO: Run Behavior\CheckLangBehavior [ RunTime:0.001916s ]
INFO: [ app_begin ] --END-- [ RunTime:0.003111s ]
NOTIC: [8] Undefined index: url E:\wamp\www\iocms\application\Common\Controller\AppframeController.class.php 第 43 行.

[ 2015-10-11T16:09:48+08:00 ] ::1 /iocms/index.php/user/index/is_login
INFO: [ app_begin ] --START--
INFO: Run Behavior\ReadHtmlCacheBehavior [ RunTime:0.001346s ]
INFO: Run Behavior\CheckLangBehavior [ RunTime:0.002885s ]
INFO: [ app_begin ] --END-- [ RunTime:0.005648s ]
NOTIC: [8] Undefined index: url E:\wamp\www\iocms\application\Common\Controller\AppframeController.class.php 第 43 行.

[ 2015-10-11T16:15:44+08:00 ] ::1 /iocms/index.php/user/index/is_login
INFO: [ app_begin ] --START--
INFO: Run Behavior\ReadHtmlCacheBehavior [ RunTime:0.000596s ]
INFO: Run Behavior\CheckLangBehavior [ RunTime:0.001095s ]
INFO: [ app_begin ] --END-- [ RunTime:0.002276s ]
NOTIC: [8] Undefined index: url E:\wamp\www\iocms\application\Common\Controller\AppframeController.class.php 第 43 行.

[ 2015-10-11T16:15:46+08:00 ] ::1 /iocms/index.php/user/index/is_login
INFO: [ app_begin ] --START--
INFO: Run Behavior\ReadHtmlCacheBehavior [ RunTime:0.000754s ]
INFO: Run Behavior\CheckLangBehavior [ RunTime:0.002346s ]
INFO: [ app_begin ] --END-- [ RunTime:0.003839s ]
NOTIC: [8] Undefined index: url E:\wamp\www\iocms\application\Common\Controller\AppframeController.class.php 第 43 行.

[ 2015-10-11T16:15:56+08:00 ] ::1 /iocms/index.php/user/index/is_login
INFO: [ app_begin ] --START--
INFO: Run Behavior\ReadHtmlCacheBehavior [ RunTime:0.000627s ]
INFO: Run Behavior\CheckLangBehavior [ RunTime:0.001215s ]
INFO: [ app_begin ] --END-- [ RunTime:0.002538s ]
NOTIC: [8] Undefined index: url E:\wamp\www\iocms\application\Common\Controller\AppframeController.class.php 第 43 行.

[ 2015-10-11T16:16:02+08:00 ] ::1 /iocms/index.php/user/index/is_login
INFO: [ app_begin ] --START--
INFO: Run Behavior\ReadHtmlCacheBehavior [ RunTime:0.001004s ]
INFO: Run Behavior\CheckLangBehavior [ RunTime:0.001493s ]
INFO: [ app_begin ] --END-- [ RunTime:0.003418s ]
NOTIC: [8] Undefined index: url E:\wamp\www\iocms\application\Common\Controller\AppframeController.class.php 第 43 行.

[ 2015-10-11T16:16:12+08:00 ] ::1 /iocms/index.php/user/index/is_login
INFO: [ app_begin ] --START--
INFO: Run Behavior\ReadHtmlCacheBehavior [ RunTime:0.000881s ]
INFO: Run Behavior\CheckLangBehavior [ RunTime:0.001673s ]
INFO: [ app_begin ] --END-- [ RunTime:0.003315s ]
NOTIC: [8] Undefined index: url E:\wamp\www\iocms\application\Common\Controller\AppframeController.class.php 第 43 行.

[ 2015-10-11T16:16:14+08:00 ] ::1 /iocms/index.php/user/index/is_login
INFO: [ app_begin ] --START--
INFO: Run Behavior\ReadHtmlCacheBehavior [ RunTime:0.000837s ]
INFO: Run Behavior\CheckLangBehavior [ RunTime:0.001396s ]
INFO: [ app_begin ] --END-- [ RunTime:0.002909s ]
NOTIC: [8] Undefined index: url E:\wamp\www\iocms\application\Common\Controller\AppframeController.class.php 第 43 行.

[ 2015-10-11T16:16:26+08:00 ] ::1 /iocms/index.php/user/index/is_login
INFO: [ app_begin ] --START--
INFO: Run Behavior\ReadHtmlCacheBehavior [ RunTime:0.000897s ]
INFO: Run Behavior\CheckLangBehavior [ RunTime:0.001845s ]
INFO: [ app_begin ] --END-- [ RunTime:0.003564s ]
NOTIC: [8] Undefined index: url E:\wamp\www\iocms\application\Common\Controller\AppframeController.class.php 第 43 行.

[ 2015-10-11T16:16:49+08:00 ] ::1 /iocms/index.php/user/index/is_login
INFO: [ app_begin ] --START--
INFO: Run Behavior\ReadHtmlCacheBehavior [ RunTime:0.000575s ]
INFO: Run Behavior\CheckLangBehavior [ RunTime:0.002845s ]
INFO: [ app_begin ] --END-- [ RunTime:0.004265s ]
NOTIC: [8] Undefined index: url E:\wamp\www\iocms\application\Common\Controller\AppframeController.class.php 第 43 行.

[ 2015-10-11T16:16:50+08:00 ] ::1 /iocms/index.php/user/index/is_login
INFO: [ app_begin ] --START--
INFO: Run Behavior\ReadHtmlCacheBehavior [ RunTime:0.000634s ]
INFO: Run Behavior\CheckLangBehavior [ RunTime:0.001124s ]
INFO: [ app_begin ] --END-- [ RunTime:0.002471s ]
NOTIC: [8] Undefined index: url E:\wamp\www\iocms\application\Common\Controller\AppframeController.class.php 第 43 行.

[ 2015-10-11T16:57:15+08:00 ] ::1 /iocms/index.php/user/index/is_login
INFO: [ app_begin ] --START--
INFO: Run Behavior\ReadHtmlCacheBehavior [ RunTime:0.001365s ]
INFO: Run Behavior\CheckLangBehavior [ RunTime:0.003112s ]
INFO: [ app_begin ] --END-- [ RunTime:0.005803s ]
NOTIC: [8] Undefined index: url E:\wamp\www\iocms\application\Common\Controller\AppframeController.class.php 第 43 行.

[ 2015-10-11T16:57:55+08:00 ] ::1 /iocms/index.php/user/index/is_login
INFO: [ app_begin ] --START--
INFO: Run Behavior\ReadHtmlCacheBehavior [ RunTime:0.000605s ]
INFO: Run Behavior\CheckLangBehavior [ RunTime:0.001489s ]
INFO: [ app_begin ] --END-- [ RunTime:0.002840s ]
NOTIC: [8] Undefined index: url E:\wamp\www\iocms\application\Common\Controller\AppframeController.class.php 第 43 行.

[ 2015-10-11T16:59:30+08:00 ] ::1 /iocms/index.php/user/index/is_login
INFO: [ app_begin ] --START--
INFO: Run Behavior\ReadHtmlCacheBehavior [ RunTime:0.000919s ]
INFO: Run Behavior\CheckLangBehavior [ RunTime:0.001253s ]
INFO: [ app_begin ] --END-- [ RunTime:0.003035s ]
NOTIC: [8] Undefined index: url E:\wamp\www\iocms\application\Common\Controller\AppframeController.class.php 第 43 行.

[ 2015-10-11T16:59:38+08:00 ] ::1 /iocms/index.php/user/index/is_login
INFO: [ app_begin ] --START--
INFO: Run Behavior\ReadHtmlCacheBehavior [ RunTime:0.000694s ]
INFO: Run Behavior\CheckLangBehavior [ RunTime:0.001359s ]
INFO: [ app_begin ] --END-- [ RunTime:0.002767s ]
NOTIC: [8] Undefined index: url E:\wamp\www\iocms\application\Common\Controller\AppframeController.class.php 第 43 行.

[ 2015-10-11T17:00:22+08:00 ] ::1 /iocms/index.php/user/index/is_login
INFO: [ app_begin ] --START--
INFO: Run Behavior\ReadHtmlCacheBehavior [ RunTime:0.001152s ]
INFO: Run Behavior\CheckLangBehavior [ RunTime:0.001370s ]
INFO: [ app_begin ] --END-- [ RunTime:0.003808s ]
NOTIC: [8] Undefined index: url E:\wamp\www\iocms\application\Common\Controller\AppframeController.class.php 第 43 行.

[ 2015-10-11T17:00:57+08:00 ] ::1 /iocms/index.php/user/index/is_login
INFO: [ app_begin ] --START--
INFO: Run Behavior\ReadHtmlCacheBehavior [ RunTime:0.000727s ]
INFO: Run Behavior\CheckLangBehavior [ RunTime:0.001271s ]
INFO: [ app_begin ] --END-- [ RunTime:0.003008s ]
NOTIC: [8] Undefined index: url E:\wamp\www\iocms\application\Common\Controller\AppframeController.class.php 第 43 行.

[ 2015-10-11T17:01:56+08:00 ] ::1 /iocms/index.php/user/index/is_login
INFO: [ app_begin ] --START--
INFO: Run Behavior\ReadHtmlCacheBehavior [ RunTime:0.000973s ]
INFO: Run Behavior\CheckLangBehavior [ RunTime:0.002143s ]
INFO: [ app_begin ] --END-- [ RunTime:0.003863s ]
NOTIC: [8] Undefined index: url E:\wamp\www\iocms\application\Common\Controller\AppframeController.class.php 第 43 行.

[ 2015-10-11T17:01:57+08:00 ] ::1 /iocms/index.php/user/index/is_login
INFO: [ app_begin ] --START--
INFO: Run Behavior\ReadHtmlCacheBehavior [ RunTime:0.000841s ]
INFO: Run Behavior\CheckLangBehavior [ RunTime:0.001616s ]
INFO: [ app_begin ] --END-- [ RunTime:0.003237s ]
NOTIC: [8] Undefined index: url E:\wamp\www\iocms\application\Common\Controller\AppframeController.class.php 第 43 行.

[ 2015-10-11T17:01:59+08:00 ] ::1 /iocms/index.php/user/index/is_login
INFO: [ app_begin ] --START--
INFO: Run Behavior\ReadHtmlCacheBehavior [ RunTime:0.000812s ]
INFO: Run Behavior\CheckLangBehavior [ RunTime:0.001591s ]
INFO: [ app_begin ] --END-- [ RunTime:0.003070s ]
NOTIC: [8] Undefined index: url E:\wamp\www\iocms\application\Common\Controller\AppframeController.class.php 第 43 行.

[ 2015-10-11T17:02:02+08:00 ] ::1 /iocms/index.php/user/index/is_login
INFO: [ app_begin ] --START--
INFO: Run Behavior\ReadHtmlCacheBehavior [ RunTime:0.001080s ]
INFO: Run Behavior\CheckLangBehavior [ RunTime:0.001580s ]
INFO: [ app_begin ] --END-- [ RunTime:0.003441s ]
NOTIC: [8] Undefined index: url E:\wamp\www\iocms\application\Common\Controller\AppframeController.class.php 第 43 行.

[ 2015-10-11T17:02:05+08:00 ] ::1 /iocms/index.php/user/index/is_login
INFO: [ app_begin ] --START--
INFO: Run Behavior\ReadHtmlCacheBehavior [ RunTime:0.001271s ]
INFO: Run Behavior\CheckLangBehavior [ RunTime:0.002289s ]
INFO: [ app_begin ] --END-- [ RunTime:0.005190s ]
NOTIC: [8] Undefined index: url E:\wamp\www\iocms\application\Common\Controller\AppframeController.class.php 第 43 行.

[ 2015-10-11T18:21:58+08:00 ] ::1 /iocms/index.php/user/index/is_login
INFO: [ app_begin ] --START--
INFO: Run Behavior\ReadHtmlCacheBehavior [ RunTime:0.000831s ]
INFO: Run Behavior\CheckLangBehavior [ RunTime:0.003058s ]
INFO: [ app_begin ] --END-- [ RunTime:0.004706s ]
NOTIC: [8] Undefined index: url E:\wamp\www\iocms\application\Common\Controller\AppframeController.class.php 第 43 行.

[ 2015-10-11T18:22:01+08:00 ] ::1 /iocms/index.php/user/index/is_login
INFO: [ app_begin ] --START--
INFO: Run Behavior\ReadHtmlCacheBehavior [ RunTime:0.001110s ]
INFO: Run Behavior\CheckLangBehavior [ RunTime:0.001590s ]
INFO: [ app_begin ] --END-- [ RunTime:0.003801s ]
NOTIC: [8] Undefined index: url E:\wamp\www\iocms\application\Common\Controller\AppframeController.class.php 第 43 行.

[ 2015-10-11T19:32:58+08:00 ] ::1 /iocms/index.php/user/index/is_login
INFO: [ app_begin ] --START--
INFO: Run Behavior\ReadHtmlCacheBehavior [ RunTime:0.000993s ]
INFO: Run Behavior\CheckLangBehavior [ RunTime:0.001388s ]
INFO: [ app_begin ] --END-- [ RunTime:0.003172s ]
NOTIC: [8] Undefined index: url E:\wamp\www\iocms\application\Common\Controller\AppframeController.class.php 第 43 行.

[ 2015-10-11T19:33:00+08:00 ] ::1 /iocms/index.php/user/index/is_login
INFO: [ app_begin ] --START--
INFO: Run Behavior\ReadHtmlCacheBehavior [ RunTime:0.000767s ]
INFO: Run Behavior\CheckLangBehavior [ RunTime:0.001362s ]
INFO: [ app_begin ] --END-- [ RunTime:0.002788s ]
NOTIC: [8] Undefined index: url E:\wamp\www\iocms\application\Common\Controller\AppframeController.class.php 第 43 行.

[ 2015-10-11T19:33:03+08:00 ] ::1 /iocms/index.php/user/index/is_login
INFO: [ app_begin ] --START--
INFO: Run Behavior\ReadHtmlCacheBehavior [ RunTime:0.000712s ]
INFO: Run Behavior\CheckLangBehavior [ RunTime:0.001310s ]
INFO: [ app_begin ] --END-- [ RunTime:0.002659s ]
NOTIC: [8] Undefined index: url E:\wamp\www\iocms\application\Common\Controller\AppframeController.class.php 第 43 行.

[ 2015-10-11T19:33:05+08:00 ] ::1 /iocms/index.php/user/index/is_login
INFO: [ app_begin ] --START--
INFO: Run Behavior\ReadHtmlCacheBehavior [ RunTime:0.000725s ]
INFO: Run Behavior\CheckLangBehavior [ RunTime:0.003163s ]
INFO: [ app_begin ] --END-- [ RunTime:0.004842s ]
NOTIC: [8] Undefined index: url E:\wamp\www\iocms\application\Common\Controller\AppframeController.class.php 第 43 行.

